<?xml version="1.0" encoding="UTF-8"?>
<testng-results skipped="0" failed="1" total="1" passed="0">
  <reporter-output>
  </reporter-output>
  <suite name="Default suite" duration-ms="61006" started-at="2020-04-06T06:09:03Z" finished-at="2020-04-06T06:10:04Z">
    <groups>
    </groups>
    <test name="Default test" duration-ms="61006" started-at="2020-04-06T06:09:03Z" finished-at="2020-04-06T06:10:04Z">
      <class name="com.training.sanity.tests.Adminstrationtest">
        <test-method status="PASS" signature="setUpBeforeClass()[pri:0, instance:com.training.sanity.tests.Adminstrationtest@1b40d5f0]" name="setUpBeforeClass" is-config="true" duration-ms="18" started-at="2020-04-06T11:39:03Z" finished-at="2020-04-06T11:39:03Z">
          <reporter-output>
          </reporter-output>
        </test-method> <!-- setUpBeforeClass -->
        <test-method status="PASS" signature="setUp()[pri:0, instance:com.training.sanity.tests.Adminstrationtest@1b40d5f0]" name="setUp" is-config="true" duration-ms="18748" started-at="2020-04-06T11:39:03Z" finished-at="2020-04-06T11:39:22Z">
          <reporter-output>
          </reporter-output>
        </test-method> <!-- setUp -->
        <test-method status="FAIL" signature="AdminMenu()[pri:0, instance:com.training.sanity.tests.Adminstrationtest@1b40d5f0]" name="AdminMenu" duration-ms="42203" started-at="2020-04-06T11:39:22Z" finished-at="2020-04-06T11:40:04Z">
          <exception class="org.openqa.selenium.NoSuchElementException">
            <message>
              <![CDATA[no such element: Unable to locate element: {"method":"xpath","selector":"//div[@class='alert alert-success']"}
  (Session info: chrome=80.0.3987.163)
For documentation on this error, please visit: http://seleniumhq.org/exceptions/no_such_element.html
Build info: version: '3.6.0', revision: '6fbf3ec767', time: '2017-09-27T15:28:36.4Z'
System info: host: 'DESKTOP-M30U21G', ip: '192.168.43.231', os.name: 'Windows 10', os.arch: 'amd64', os.version: '10.0', java.version: '1.8.0_201'
Driver info: org.openqa.selenium.chrome.ChromeDriver
Capabilities [{networkConnectionEnabled=false, chrome={chromedriverVersion=80.0.3987.106 (f68069574609230cf9b635cd784cfb1bf81bb53a-refs/branch-heads/3987@{#882}), userDataDir=C:\Users\SUDHAB~1\AppData\Local\Temp\scoped_dir31796_1067495691}, timeouts={implicit=0, pageLoad=300000, script=30000}, pageLoadStrategy=normal, unhandledPromptBehavior=dismiss and notify, strictFileInteractability=false, platform=WINDOWS, proxy=Proxy(), goog:chromeOptions={debuggerAddress=localhost:58319}, acceptInsecureCerts=false, browserVersion=80.0.3987.163, browserName=chrome, javascriptEnabled=true, platformName=WINDOWS, setWindowRect=true}]
Session ID: e41dfe725f36a5ab0ba29652416550b6
*** Element info: {Using=xpath, value=//div[@class='alert alert-success']}]]>
            </message>
            <full-stacktrace>
              <![CDATA[org.openqa.selenium.NoSuchElementException: no such element: Unable to locate element: {"method":"xpath","selector":"//div[@class='alert alert-success']"}
  (Session info: chrome=80.0.3987.163)
For documentation on this error, please visit: http://seleniumhq.org/exceptions/no_such_element.html
Build info: version: '3.6.0', revision: '6fbf3ec767', time: '2017-09-27T15:28:36.4Z'
System info: host: 'DESKTOP-M30U21G', ip: '192.168.43.231', os.name: 'Windows 10', os.arch: 'amd64', os.version: '10.0', java.version: '1.8.0_201'
Driver info: org.openqa.selenium.chrome.ChromeDriver
Capabilities [{networkConnectionEnabled=false, chrome={chromedriverVersion=80.0.3987.106 (f68069574609230cf9b635cd784cfb1bf81bb53a-refs/branch-heads/3987@{#882}), userDataDir=C:\Users\SUDHAB~1\AppData\Local\Temp\scoped_dir31796_1067495691}, timeouts={implicit=0, pageLoad=300000, script=30000}, pageLoadStrategy=normal, unhandledPromptBehavior=dismiss and notify, strictFileInteractability=false, platform=WINDOWS, proxy=Proxy(), goog:chromeOptions={debuggerAddress=localhost:58319}, acceptInsecureCerts=false, browserVersion=80.0.3987.163, browserName=chrome, javascriptEnabled=true, platformName=WINDOWS, setWindowRect=true}]
Session ID: e41dfe725f36a5ab0ba29652416550b6
*** Element info: {Using=xpath, value=//div[@class='alert alert-success']}
	at sun.reflect.NativeConstructorAccessorImpl.newInstance0(Native Method)
	at sun.reflect.NativeConstructorAccessorImpl.newInstance(Unknown Source)
	at sun.reflect.DelegatingConstructorAccessorImpl.newInstance(Unknown Source)
	at java.lang.reflect.Constructor.newInstance(Unknown Source)
	at org.openqa.selenium.remote.http.W3CHttpResponseCodec.createException(W3CHttpResponseCodec.java:185)
	at org.openqa.selenium.remote.http.W3CHttpResponseCodec.decode(W3CHttpResponseCodec.java:120)
	at org.openqa.selenium.remote.http.W3CHttpResponseCodec.decode(W3CHttpResponseCodec.java:49)
	at org.openqa.selenium.remote.HttpCommandExecutor.execute(HttpCommandExecutor.java:164)
	at org.openqa.selenium.remote.service.DriverCommandExecutor.execute(DriverCommandExecutor.java:83)
	at org.openqa.selenium.remote.RemoteWebDriver.execute(RemoteWebDriver.java:586)
	at org.openqa.selenium.remote.RemoteWebDriver.findElement(RemoteWebDriver.java:356)
	at org.openqa.selenium.remote.RemoteWebDriver.findElementByXPath(RemoteWebDriver.java:458)
	at org.openqa.selenium.By$ByXPath.findElement(By.java:361)
	at org.openqa.selenium.remote.RemoteWebDriver.findElement(RemoteWebDriver.java:348)
	at org.openqa.selenium.support.pagefactory.DefaultElementLocator.findElement(DefaultElementLocator.java:69)
	at org.openqa.selenium.support.pagefactory.internal.LocatingElementHandler.invoke(LocatingElementHandler.java:38)
	at com.sun.proxy.$Proxy8.getText(Unknown Source)
	at com.training.pom.AdminstrationPom.DeleteAction(AdminstrationPom.java:96)
	at com.training.sanity.tests.Adminstrationtest.AdminMenu(Adminstrationtest.java:55)
	at sun.reflect.NativeMethodAccessorImpl.invoke0(Native Method)
	at sun.reflect.NativeMethodAccessorImpl.invoke(Unknown Source)
	at sun.reflect.DelegatingMethodAccessorImpl.invoke(Unknown Source)
	at java.lang.reflect.Method.invoke(Unknown Source)
	at org.testng.internal.MethodInvocationHelper.invokeMethod(MethodInvocationHelper.java:86)
	at org.testng.internal.Invoker.invokeMethod(Invoker.java:645)
	at org.testng.internal.Invoker.invokeTestMethod(Invoker.java:822)
	at org.testng.internal.Invoker.invokeTestMethods(Invoker.java:1130)
	at org.testng.internal.TestMethodWorker.invokeTestMethods(TestMethodWorker.java:129)
	at org.testng.internal.TestMethodWorker.run(TestMethodWorker.java:112)
	at org.testng.TestRunner.privateRun(TestRunner.java:782)
	at org.testng.TestRunner.run(TestRunner.java:632)
	at org.testng.SuiteRunner.runTest(SuiteRunner.java:366)
	at org.testng.SuiteRunner.runSequentially(SuiteRunner.java:361)
	at org.testng.SuiteRunner.privateRun(SuiteRunner.java:319)
	at org.testng.SuiteRunner.run(SuiteRunner.java:268)
	at org.testng.SuiteRunnerWorker.runSuite(SuiteRunnerWorker.java:52)
	at org.testng.SuiteRunnerWorker.run(SuiteRunnerWorker.java:86)
	at org.testng.TestNG.runSuitesSequentially(TestNG.java:1244)
	at org.testng.TestNG.runSuitesLocally(TestNG.java:1169)
	at org.testng.TestNG.run(TestNG.java:1064)
	at org.testng.remote.RemoteTestNG.run(RemoteTestNG.java:113)
	at org.testng.remote.RemoteTestNG.initAndRun(RemoteTestNG.java:206)
	at org.testng.remote.RemoteTestNG.main(RemoteTestNG.java:177)
]]>
            </full-stacktrace>
          </exception> <!-- org.openqa.selenium.NoSuchElementException -->
          <reporter-output>
          </reporter-output>
        </test-method> <!-- AdminMenu -->
      </class> <!-- com.training.sanity.tests.Adminstrationtest -->
    </test> <!-- Default test -->
  </suite> <!-- Default suite -->
</testng-results>
