<?xml version="1.0" encoding="UTF-8"?>
<testng-results skipped="0" failed="0" total="1" passed="1">
  <reporter-output>
  </reporter-output>
  <suite name="Default suite" duration-ms="25259" started-at="2020-04-16T14:34:40Z" finished-at="2020-04-16T14:35:05Z">
    <groups>
    </groups>
    <test name="Default test" duration-ms="25259" started-at="2020-04-16T14:34:40Z" finished-at="2020-04-16T14:35:05Z">
      <class name="com.training.sanity.tests.UserList_AddCourse">
        <test-method status="PASS" signature="setUpBeforeClass()[pri:0, instance:com.training.sanity.tests.UserList_AddCourse@47f37ef1]" name="setUpBeforeClass" is-config="true" duration-ms="16" started-at="2020-04-16T20:04:40Z" finished-at="2020-04-16T20:04:40Z">
          <reporter-output>
          </reporter-output>
        </test-method> <!-- setUpBeforeClass -->
        <test-method status="PASS" signature="setUp()[pri:0, instance:com.training.sanity.tests.UserList_AddCourse@47f37ef1]" name="setUp" is-config="true" duration-ms="15359" started-at="2020-04-16T20:04:40Z" finished-at="2020-04-16T20:04:55Z">
          <reporter-output>
          </reporter-output>
        </test-method> <!-- setUp -->
        <test-method status="PASS" signature="CreateUserList(java.lang.String, java.lang.String, java.lang.String, java.lang.String, java.lang.String, java.lang.String, java.lang.String)[pri:1, instance:com.training.sanity.tests.UserList_AddCourse@47f37ef1]" name="CreateUserList" duration-ms="7852" started-at="2020-04-16T20:04:55Z" data-provider="TestData" finished-at="2020-04-16T20:05:03Z">
          <params>
            <param index="0">
              <value>
                <![CDATA[mark]]>
              </value>
            </param>
            <param index="1">
              <value>
                <![CDATA[angel]]>
              </value>
            </param>
            <param index="2">
              <value>
                <![CDATA[mark@gmail.com]]>
              </value>
            </param>
            <param index="3">
              <value>
                <![CDATA[9876543213]]>
              </value>
            </param>
            <param index="4">
              <value>
                <![CDATA[]]>
              </value>
            </param>
            <param index="5">
              <value>
                <![CDATA[mark]]>
              </value>
            </param>
            <param index="6">
              <value>
                <![CDATA[Trainer]]>
              </value>
            </param>
          </params>
          <reporter-output>
          </reporter-output>
        </test-method> <!-- CreateUserList -->
        <test-method status="PASS" signature="tearDown()[pri:0, instance:com.training.sanity.tests.UserList_AddCourse@47f37ef1]" name="tearDown" is-config="true" duration-ms="1850" started-at="2020-04-16T20:05:03Z" finished-at="2020-04-16T20:05:05Z">
          <reporter-output>
          </reporter-output>
        </test-method> <!-- tearDown -->
      </class> <!-- com.training.sanity.tests.UserList_AddCourse -->
    </test> <!-- Default test -->
  </suite> <!-- Default suite -->
</testng-results>
